\BOOKMARK [0][-]{chapter.1}{\376\377\0001\000\040\000H\000i\000e\000r\000a\000r\000c\000h\000i\000c\000a\000l\000\040\000I\000n\000d\000e\000x}{}% 1
\BOOKMARK [1][-]{section.1.1}{\376\377\0001\000.\0001\000\040\000C\000l\000a\000s\000s\000\040\000H\000i\000e\000r\000a\000r\000c\000h\000y}{chapter.1}% 2
\BOOKMARK [0][-]{chapter.2}{\376\377\0002\000\040\000C\000l\000a\000s\000s\000\040\000I\000n\000d\000e\000x}{}% 3
\BOOKMARK [1][-]{section.2.1}{\376\377\0002\000.\0001\000\040\000C\000l\000a\000s\000s\000\040\000L\000i\000s\000t}{chapter.2}% 4
\BOOKMARK [0][-]{chapter.3}{\376\377\0003\000\040\000F\000i\000l\000e\000\040\000I\000n\000d\000e\000x}{}% 5
\BOOKMARK [1][-]{section.3.1}{\376\377\0003\000.\0001\000\040\000F\000i\000l\000e\000\040\000L\000i\000s\000t}{chapter.3}% 6
\BOOKMARK [0][-]{chapter.4}{\376\377\0004\000\040\000C\000l\000a\000s\000s\000\040\000D\000o\000c\000u\000m\000e\000n\000t\000a\000t\000i\000o\000n}{}% 7
\BOOKMARK [1][-]{section.4.1}{\376\377\0004\000.\0001\000\040\000c\000l\000i\000e\000n\000t\000\040\000C\000l\000a\000s\000s\000\040\000R\000e\000f\000e\000r\000e\000n\000c\000e}{chapter.4}% 8
\BOOKMARK [2][-]{subsection.4.1.1}{\376\377\0004\000.\0001\000.\0001\000\040\000D\000e\000t\000a\000i\000l\000e\000d\000\040\000D\000e\000s\000c\000r\000i\000p\000t\000i\000o\000n}{section.4.1}% 9
\BOOKMARK [2][-]{subsection.4.1.2}{\376\377\0004\000.\0001\000.\0002\000\040\000C\000o\000n\000s\000t\000r\000u\000c\000t\000o\000r\000\040\000\046\000\040\000D\000e\000s\000t\000r\000u\000c\000t\000o\000r\000\040\000D\000o\000c\000u\000m\000e\000n\000t\000a\000t\000i\000o\000n}{section.4.1}% 10
\BOOKMARK [3][-]{subsubsection.4.1.2.1}{\376\377\0004\000.\0001\000.\0002\000.\0001\000\040\000c\000l\000i\000e\000n\000t\000\050\000\051}{subsection.4.1.2}% 11
\BOOKMARK [3][-]{subsubsection.4.1.2.2}{\376\377\0004\000.\0001\000.\0002\000.\0002\000\040\000~\000c\000l\000i\000e\000n\000t\000\050\000\051}{subsection.4.1.2}% 12
\BOOKMARK [2][-]{subsection.4.1.3}{\376\377\0004\000.\0001\000.\0003\000\040\000M\000e\000m\000b\000e\000r\000\040\000F\000u\000n\000c\000t\000i\000o\000n\000\040\000D\000o\000c\000u\000m\000e\000n\000t\000a\000t\000i\000o\000n}{section.4.1}% 13
\BOOKMARK [3][-]{subsubsection.4.1.3.1}{\376\377\0004\000.\0001\000.\0003\000.\0001\000\040\000a\000d\000d\000C\000l\000i\000e\000n\000t\000\050\000\051}{subsection.4.1.3}% 14
\BOOKMARK [3][-]{subsubsection.4.1.3.2}{\376\377\0004\000.\0001\000.\0003\000.\0002\000\040\000a\000d\000d\000R\000e\000n\000t\000e\000d\000S\000p\000a\000c\000e\000\050\000\051}{subsection.4.1.3}% 15
\BOOKMARK [3][-]{subsubsection.4.1.3.3}{\376\377\0004\000.\0001\000.\0003\000.\0003\000\040\000c\000h\000a\000n\000g\000e\000C\000l\000i\000e\000n\000t\000\050\000\051}{subsection.4.1.3}% 16
\BOOKMARK [3][-]{subsubsection.4.1.3.4}{\376\377\0004\000.\0001\000.\0003\000.\0004\000\040\000g\000e\000t\000C\000l\000i\000e\000n\000t\000\050\000\051}{subsection.4.1.3}% 17
\BOOKMARK [3][-]{subsubsection.4.1.3.5}{\376\377\0004\000.\0001\000.\0003\000.\0005\000\040\000p\000r\000i\000n\000t\000C\000l\000i\000e\000n\000t\000s\000\050\000\051}{subsection.4.1.3}% 18
\BOOKMARK [3][-]{subsubsection.4.1.3.6}{\376\377\0004\000.\0001\000.\0003\000.\0006\000\040\000r\000e\000m\000o\000v\000e\000C\000l\000i\000e\000n\000t\000\050\000\051}{subsection.4.1.3}% 19
\BOOKMARK [2][-]{subsection.4.1.4}{\376\377\0004\000.\0001\000.\0004\000\040\000M\000e\000m\000b\000e\000r\000\040\000D\000a\000t\000a\000\040\000D\000o\000c\000u\000m\000e\000n\000t\000a\000t\000i\000o\000n}{section.4.1}% 20
\BOOKMARK [3][-]{subsubsection.4.1.4.1}{\376\377\0004\000.\0001\000.\0004\000.\0001\000\040\000c\000l\000i\000e\000n\000t\000I\000d}{subsection.4.1.4}% 21
\BOOKMARK [3][-]{subsubsection.4.1.4.2}{\376\377\0004\000.\0001\000.\0004\000.\0002\000\040\000f\000i\000l\000e}{subsection.4.1.4}% 22
\BOOKMARK [1][-]{section.4.2}{\376\377\0004\000.\0002\000\040\000c\000l\000i\000e\000n\000t\000D\000a\000t\000a\000\040\000S\000t\000r\000u\000c\000t\000\040\000R\000e\000f\000e\000r\000e\000n\000c\000e}{chapter.4}% 23
\BOOKMARK [2][-]{subsection.4.2.1}{\376\377\0004\000.\0002\000.\0001\000\040\000D\000e\000t\000a\000i\000l\000e\000d\000\040\000D\000e\000s\000c\000r\000i\000p\000t\000i\000o\000n}{section.4.2}% 24
\BOOKMARK [2][-]{subsection.4.2.2}{\376\377\0004\000.\0002\000.\0002\000\040\000M\000e\000m\000b\000e\000r\000\040\000D\000a\000t\000a\000\040\000D\000o\000c\000u\000m\000e\000n\000t\000a\000t\000i\000o\000n}{section.4.2}% 25
\BOOKMARK [3][-]{subsubsection.4.2.2.1}{\376\377\0004\000.\0002\000.\0002\000.\0001\000\040\000c\000l\000i\000e\000n\000t\000A\000d\000d\000r\000e\000s\000s}{subsection.4.2.2}% 26
\BOOKMARK [3][-]{subsubsection.4.2.2.2}{\376\377\0004\000.\0002\000.\0002\000.\0002\000\040\000c\000l\000i\000e\000n\000t\000N\000a\000m\000e}{subsection.4.2.2}% 27
\BOOKMARK [3][-]{subsubsection.4.2.2.3}{\376\377\0004\000.\0002\000.\0002\000.\0003\000\040\000i\000d}{subsection.4.2.2}% 28
\BOOKMARK [3][-]{subsubsection.4.2.2.4}{\376\377\0004\000.\0002\000.\0002\000.\0004\000\040\000i\000s\000A\000d\000m\000i\000n}{subsection.4.2.2}% 29
\BOOKMARK [3][-]{subsubsection.4.2.2.5}{\376\377\0004\000.\0002\000.\0002\000.\0005\000\040\000r\000e\000n\000t\000e\000d\000S\000p\000a\000c\000e\000s}{subsection.4.2.2}% 30
\BOOKMARK [1][-]{section.4.3}{\376\377\0004\000.\0003\000\040\000c\000l\000i\000e\000n\000t\000R\000e\000n\000t\000\040\000C\000l\000a\000s\000s\000\040\000R\000e\000f\000e\000r\000e\000n\000c\000e}{chapter.4}% 31
\BOOKMARK [2][-]{subsection.4.3.1}{\376\377\0004\000.\0003\000.\0001\000\040\000D\000e\000t\000a\000i\000l\000e\000d\000\040\000D\000e\000s\000c\000r\000i\000p\000t\000i\000o\000n}{section.4.3}% 32
\BOOKMARK [2][-]{subsection.4.3.2}{\376\377\0004\000.\0003\000.\0002\000\040\000C\000o\000n\000s\000t\000r\000u\000c\000t\000o\000r\000\040\000\046\000\040\000D\000e\000s\000t\000r\000u\000c\000t\000o\000r\000\040\000D\000o\000c\000u\000m\000e\000n\000t\000a\000t\000i\000o\000n}{section.4.3}% 33
\BOOKMARK [3][-]{subsubsection.4.3.2.1}{\376\377\0004\000.\0003\000.\0002\000.\0001\000\040\000c\000l\000i\000e\000n\000t\000R\000e\000n\000t\000\050\000\051}{subsection.4.3.2}% 34
\BOOKMARK [3][-]{subsubsection.4.3.2.2}{\376\377\0004\000.\0003\000.\0002\000.\0002\000\040\000~\000c\000l\000i\000e\000n\000t\000R\000e\000n\000t\000\050\000\051}{subsection.4.3.2}% 35
\BOOKMARK [2][-]{subsection.4.3.3}{\376\377\0004\000.\0003\000.\0003\000\040\000M\000e\000m\000b\000e\000r\000\040\000F\000u\000n\000c\000t\000i\000o\000n\000\040\000D\000o\000c\000u\000m\000e\000n\000t\000a\000t\000i\000o\000n}{section.4.3}% 36
\BOOKMARK [3][-]{subsubsection.4.3.3.1}{\376\377\0004\000.\0003\000.\0003\000.\0001\000\040\000r\000e\000n\000t\000O\000f\000f\000i\000c\000e\000\050\000\051}{subsection.4.3.3}% 37
\BOOKMARK [3][-]{subsubsection.4.3.3.2}{\376\377\0004\000.\0003\000.\0003\000.\0002\000\040\000s\000h\000o\000w\000R\000e\000n\000t\000e\000d\000O\000f\000f\000i\000c\000e\000s\000\050\000\051}{subsection.4.3.3}% 38
\BOOKMARK [1][-]{section.4.4}{\376\377\0004\000.\0004\000\040\000c\000l\000i\000e\000n\000t\000R\000e\000n\000t\000D\000a\000t\000a\000\040\000S\000t\000r\000u\000c\000t\000\040\000R\000e\000f\000e\000r\000e\000n\000c\000e}{chapter.4}% 39
\BOOKMARK [2][-]{subsection.4.4.1}{\376\377\0004\000.\0004\000.\0001\000\040\000D\000e\000t\000a\000i\000l\000e\000d\000\040\000D\000e\000s\000c\000r\000i\000p\000t\000i\000o\000n}{section.4.4}% 40
\BOOKMARK [2][-]{subsection.4.4.2}{\376\377\0004\000.\0004\000.\0002\000\040\000M\000e\000m\000b\000e\000r\000\040\000D\000a\000t\000a\000\040\000D\000o\000c\000u\000m\000e\000n\000t\000a\000t\000i\000o\000n}{section.4.4}% 41
\BOOKMARK [3][-]{subsubsection.4.4.2.1}{\376\377\0004\000.\0004\000.\0002\000.\0001\000\040\000c\000l\000i\000e\000n\000t\000I\000d}{subsection.4.4.2}% 42
\BOOKMARK [3][-]{subsubsection.4.4.2.2}{\376\377\0004\000.\0004\000.\0002\000.\0002\000\040\000o\000f\000f\000i\000c\000e\000I\000d}{subsection.4.4.2}% 43
\BOOKMARK [1][-]{section.4.5}{\376\377\0004\000.\0005\000\040\000f\000i\000l\000e\000H\000a\000n\000d\000l\000i\000n\000g\000\040\000C\000l\000a\000s\000s\000\040\000R\000e\000f\000e\000r\000e\000n\000c\000e}{chapter.4}% 44
\BOOKMARK [2][-]{subsection.4.5.1}{\376\377\0004\000.\0005\000.\0001\000\040\000D\000e\000t\000a\000i\000l\000e\000d\000\040\000D\000e\000s\000c\000r\000i\000p\000t\000i\000o\000n}{section.4.5}% 45
\BOOKMARK [2][-]{subsection.4.5.2}{\376\377\0004\000.\0005\000.\0002\000\040\000C\000o\000n\000s\000t\000r\000u\000c\000t\000o\000r\000\040\000\046\000\040\000D\000e\000s\000t\000r\000u\000c\000t\000o\000r\000\040\000D\000o\000c\000u\000m\000e\000n\000t\000a\000t\000i\000o\000n}{section.4.5}% 46
\BOOKMARK [3][-]{subsubsection.4.5.2.1}{\376\377\0004\000.\0005\000.\0002\000.\0001\000\040\000f\000i\000l\000e\000H\000a\000n\000d\000l\000i\000n\000g\000\050\000\051}{subsection.4.5.2}% 47
\BOOKMARK [3][-]{subsubsection.4.5.2.2}{\376\377\0004\000.\0005\000.\0002\000.\0002\000\040\000~\000f\000i\000l\000e\000H\000a\000n\000d\000l\000i\000n\000g\000\050\000\051}{subsection.4.5.2}% 48
\BOOKMARK [2][-]{subsection.4.5.3}{\376\377\0004\000.\0005\000.\0003\000\040\000M\000e\000m\000b\000e\000r\000\040\000F\000u\000n\000c\000t\000i\000o\000n\000\040\000D\000o\000c\000u\000m\000e\000n\000t\000a\000t\000i\000o\000n}{section.4.5}% 49
\BOOKMARK [3][-]{subsubsection.4.5.3.1}{\376\377\0004\000.\0005\000.\0003\000.\0001\000\040\000r\000e\000a\000d\000F\000r\000o\000m\000F\000i\000l\000e\000\050\000\051}{subsection.4.5.3}% 50
\BOOKMARK [3][-]{subsubsection.4.5.3.2}{\376\377\0004\000.\0005\000.\0003\000.\0002\000\040\000w\000r\000i\000t\000e\000T\000o\000F\000i\000l\000e\000\050\000\051\000\040\000[\0001\000/\0002\000]}{subsection.4.5.3}% 51
\BOOKMARK [3][-]{subsubsection.4.5.3.3}{\376\377\0004\000.\0005\000.\0003\000.\0003\000\040\000w\000r\000i\000t\000e\000T\000o\000F\000i\000l\000e\000\050\000\051\000\040\000[\0002\000/\0002\000]}{subsection.4.5.3}% 52
\BOOKMARK [2][-]{subsection.4.5.4}{\376\377\0004\000.\0005\000.\0004\000\040\000M\000e\000m\000b\000e\000r\000\040\000D\000a\000t\000a\000\040\000D\000o\000c\000u\000m\000e\000n\000t\000a\000t\000i\000o\000n}{section.4.5}% 53
\BOOKMARK [3][-]{subsubsection.4.5.4.1}{\376\377\0004\000.\0005\000.\0004\000.\0001\000\040\000s\000i\000z\000e}{subsection.4.5.4}% 54
\BOOKMARK [1][-]{section.4.6}{\376\377\0004\000.\0006\000\040\000L\000i\000n\000k\000e\000d\000L\000i\000s\000t\000<\000\040\000T\000\040\000>\000\040\000C\000l\000a\000s\000s\000\040\000T\000e\000m\000p\000l\000a\000t\000e\000\040\000R\000e\000f\000e\000r\000e\000n\000c\000e}{chapter.4}% 55
\BOOKMARK [2][-]{subsection.4.6.1}{\376\377\0004\000.\0006\000.\0001\000\040\000D\000e\000t\000a\000i\000l\000e\000d\000\040\000D\000e\000s\000c\000r\000i\000p\000t\000i\000o\000n}{section.4.6}% 56
\BOOKMARK [2][-]{subsection.4.6.2}{\376\377\0004\000.\0006\000.\0002\000\040\000C\000o\000n\000s\000t\000r\000u\000c\000t\000o\000r\000\040\000\046\000\040\000D\000e\000s\000t\000r\000u\000c\000t\000o\000r\000\040\000D\000o\000c\000u\000m\000e\000n\000t\000a\000t\000i\000o\000n}{section.4.6}% 57
\BOOKMARK [3][-]{subsubsection.4.6.2.1}{\376\377\0004\000.\0006\000.\0002\000.\0001\000\040\000L\000i\000n\000k\000e\000d\000L\000i\000s\000t\000\050\000\051}{subsection.4.6.2}% 58
\BOOKMARK [3][-]{subsubsection.4.6.2.2}{\376\377\0004\000.\0006\000.\0002\000.\0002\000\040\000~\000L\000i\000n\000k\000e\000d\000L\000i\000s\000t\000\050\000\051}{subsection.4.6.2}% 59
\BOOKMARK [2][-]{subsection.4.6.3}{\376\377\0004\000.\0006\000.\0003\000\040\000M\000e\000m\000b\000e\000r\000\040\000F\000u\000n\000c\000t\000i\000o\000n\000\040\000D\000o\000c\000u\000m\000e\000n\000t\000a\000t\000i\000o\000n}{section.4.6}% 60
\BOOKMARK [3][-]{subsubsection.4.6.3.1}{\376\377\0004\000.\0006\000.\0003\000.\0001\000\040\000a\000d\000d\000\050\000\051}{subsection.4.6.3}% 61
\BOOKMARK [3][-]{subsubsection.4.6.3.2}{\376\377\0004\000.\0006\000.\0003\000.\0002\000\040\000c\000l\000e\000a\000n\000\050\000\051}{subsection.4.6.3}% 62
\BOOKMARK [3][-]{subsubsection.4.6.3.3}{\376\377\0004\000.\0006\000.\0003\000.\0003\000\040\000g\000e\000t\000H\000e\000a\000d\000\050\000\051}{subsection.4.6.3}% 63
\BOOKMARK [3][-]{subsubsection.4.6.3.4}{\376\377\0004\000.\0006\000.\0003\000.\0004\000\040\000g\000e\000t\000S\000i\000z\000e\000\050\000\051}{subsection.4.6.3}% 64
\BOOKMARK [3][-]{subsubsection.4.6.3.5}{\376\377\0004\000.\0006\000.\0003\000.\0005\000\040\000p\000r\000i\000n\000t\000\050\000\051}{subsection.4.6.3}% 65
\BOOKMARK [3][-]{subsubsection.4.6.3.6}{\376\377\0004\000.\0006\000.\0003\000.\0006\000\040\000r\000e\000m\000o\000v\000e\000\050\000\051}{subsection.4.6.3}% 66
\BOOKMARK [2][-]{subsection.4.6.4}{\376\377\0004\000.\0006\000.\0004\000\040\000M\000e\000m\000b\000e\000r\000\040\000D\000a\000t\000a\000\040\000D\000o\000c\000u\000m\000e\000n\000t\000a\000t\000i\000o\000n}{section.4.6}% 67
\BOOKMARK [3][-]{subsubsection.4.6.4.1}{\376\377\0004\000.\0006\000.\0004\000.\0001\000\040\000h\000e\000a\000d}{subsection.4.6.4}% 68
\BOOKMARK [3][-]{subsubsection.4.6.4.2}{\376\377\0004\000.\0006\000.\0004\000.\0002\000\040\000s\000i\000z\000e}{subsection.4.6.4}% 69
\BOOKMARK [3][-]{subsubsection.4.6.4.3}{\376\377\0004\000.\0006\000.\0004\000.\0003\000\040\000t\000a\000i\000l}{subsection.4.6.4}% 70
\BOOKMARK [1][-]{section.4.7}{\376\377\0004\000.\0007\000\040\000L\000i\000n\000k\000e\000d\000L\000i\000s\000t\000<\000\040\000T\000\040\000>\000:\000:\000N\000o\000d\000e\000\040\000S\000t\000r\000u\000c\000t\000\040\000R\000e\000f\000e\000r\000e\000n\000c\000e}{chapter.4}% 71
\BOOKMARK [2][-]{subsection.4.7.1}{\376\377\0004\000.\0007\000.\0001\000\040\000D\000e\000t\000a\000i\000l\000e\000d\000\040\000D\000e\000s\000c\000r\000i\000p\000t\000i\000o\000n}{section.4.7}% 72
\BOOKMARK [2][-]{subsection.4.7.2}{\376\377\0004\000.\0007\000.\0002\000\040\000M\000e\000m\000b\000e\000r\000\040\000D\000a\000t\000a\000\040\000D\000o\000c\000u\000m\000e\000n\000t\000a\000t\000i\000o\000n}{section.4.7}% 73
\BOOKMARK [3][-]{subsubsection.4.7.2.1}{\376\377\0004\000.\0007\000.\0002\000.\0001\000\040\000d\000a\000t\000a}{subsection.4.7.2}% 74
\BOOKMARK [3][-]{subsubsection.4.7.2.2}{\376\377\0004\000.\0007\000.\0002\000.\0002\000\040\000n\000e\000x\000t}{subsection.4.7.2}% 75
\BOOKMARK [1][-]{section.4.8}{\376\377\0004\000.\0008\000\040\000o\000f\000f\000i\000c\000e\000\040\000C\000l\000a\000s\000s\000\040\000R\000e\000f\000e\000r\000e\000n\000c\000e}{chapter.4}% 76
\BOOKMARK [2][-]{subsection.4.8.1}{\376\377\0004\000.\0008\000.\0001\000\040\000D\000e\000t\000a\000i\000l\000e\000d\000\040\000D\000e\000s\000c\000r\000i\000p\000t\000i\000o\000n}{section.4.8}% 77
\BOOKMARK [2][-]{subsection.4.8.2}{\376\377\0004\000.\0008\000.\0002\000\040\000C\000o\000n\000s\000t\000r\000u\000c\000t\000o\000r\000\040\000\046\000\040\000D\000e\000s\000t\000r\000u\000c\000t\000o\000r\000\040\000D\000o\000c\000u\000m\000e\000n\000t\000a\000t\000i\000o\000n}{section.4.8}% 78
\BOOKMARK [3][-]{subsubsection.4.8.2.1}{\376\377\0004\000.\0008\000.\0002\000.\0001\000\040\000o\000f\000f\000i\000c\000e\000\050\000\051}{subsection.4.8.2}% 79
\BOOKMARK [3][-]{subsubsection.4.8.2.2}{\376\377\0004\000.\0008\000.\0002\000.\0002\000\040\000~\000o\000f\000f\000i\000c\000e\000\050\000\051}{subsection.4.8.2}% 80
\BOOKMARK [2][-]{subsection.4.8.3}{\376\377\0004\000.\0008\000.\0003\000\040\000M\000e\000m\000b\000e\000r\000\040\000F\000u\000n\000c\000t\000i\000o\000n\000\040\000D\000o\000c\000u\000m\000e\000n\000t\000a\000t\000i\000o\000n}{section.4.8}% 81
\BOOKMARK [3][-]{subsubsection.4.8.3.1}{\376\377\0004\000.\0008\000.\0003\000.\0001\000\040\000a\000d\000d\000O\000f\000f\000i\000c\000e\000\050\000\051}{subsection.4.8.3}% 82
\BOOKMARK [3][-]{subsubsection.4.8.3.2}{\376\377\0004\000.\0008\000.\0003\000.\0002\000\040\000e\000n\000d\000R\000e\000n\000t\000a\000l\000\050\000\051}{subsection.4.8.3}% 83
\BOOKMARK [3][-]{subsubsection.4.8.3.3}{\376\377\0004\000.\0008\000.\0003\000.\0003\000\040\000g\000e\000t\000O\000f\000f\000i\000c\000e\000\050\000\051}{subsection.4.8.3}% 84
\BOOKMARK [3][-]{subsubsection.4.8.3.4}{\376\377\0004\000.\0008\000.\0003\000.\0004\000\040\000p\000r\000i\000n\000t\000O\000f\000f\000i\000c\000e\000s\000\050\000\051}{subsection.4.8.3}% 85
\BOOKMARK [3][-]{subsubsection.4.8.3.5}{\376\377\0004\000.\0008\000.\0003\000.\0005\000\040\000r\000e\000n\000t\000O\000f\000f\000i\000c\000e\000\050\000\051}{subsection.4.8.3}% 86
\BOOKMARK [1][-]{section.4.9}{\376\377\0004\000.\0009\000\040\000o\000f\000f\000i\000c\000e\000I\000n\000f\000o\000r\000m\000a\000t\000i\000o\000n\000\040\000S\000t\000r\000u\000c\000t\000\040\000R\000e\000f\000e\000r\000e\000n\000c\000e}{chapter.4}% 87
\BOOKMARK [2][-]{subsection.4.9.1}{\376\377\0004\000.\0009\000.\0001\000\040\000D\000e\000t\000a\000i\000l\000e\000d\000\040\000D\000e\000s\000c\000r\000i\000p\000t\000i\000o\000n}{section.4.9}% 88
\BOOKMARK [2][-]{subsection.4.9.2}{\376\377\0004\000.\0009\000.\0002\000\040\000M\000e\000m\000b\000e\000r\000\040\000D\000a\000t\000a\000\040\000D\000o\000c\000u\000m\000e\000n\000t\000a\000t\000i\000o\000n}{section.4.9}% 89
\BOOKMARK [3][-]{subsubsection.4.9.2.1}{\376\377\0004\000.\0009\000.\0002\000.\0001\000\040\000i\000d}{subsection.4.9.2}% 90
\BOOKMARK [3][-]{subsubsection.4.9.2.2}{\376\377\0004\000.\0009\000.\0002\000.\0002\000\040\000i\000s\000R\000e\000n\000t\000e\000d}{subsection.4.9.2}% 91
\BOOKMARK [3][-]{subsubsection.4.9.2.3}{\376\377\0004\000.\0009\000.\0002\000.\0003\000\040\000o\000f\000f\000i\000c\000e\000A\000d\000d\000r\000e\000s\000s}{subsection.4.9.2}% 92
\BOOKMARK [3][-]{subsubsection.4.9.2.4}{\376\377\0004\000.\0009\000.\0002\000.\0004\000\040\000o\000f\000f\000i\000c\000e\000N\000a\000m\000e}{subsection.4.9.2}% 93
\BOOKMARK [3][-]{subsubsection.4.9.2.5}{\376\377\0004\000.\0009\000.\0002\000.\0005\000\040\000o\000f\000f\000i\000c\000e\000P\000r\000i\000c\000e}{subsection.4.9.2}% 94
\BOOKMARK [3][-]{subsubsection.4.9.2.6}{\376\377\0004\000.\0009\000.\0002\000.\0006\000\040\000o\000f\000f\000i\000c\000e\000S\000i\000z\000e}{subsection.4.9.2}% 95
\BOOKMARK [1][-]{section.4.10}{\376\377\0004\000.\0001\0000\000\040\000Q\000u\000e\000u\000e\000<\000\040\000T\000\040\000>\000\040\000C\000l\000a\000s\000s\000\040\000T\000e\000m\000p\000l\000a\000t\000e\000\040\000R\000e\000f\000e\000r\000e\000n\000c\000e}{chapter.4}% 96
\BOOKMARK [2][-]{subsection.4.10.1}{\376\377\0004\000.\0001\0000\000.\0001\000\040\000D\000e\000t\000a\000i\000l\000e\000d\000\040\000D\000e\000s\000c\000r\000i\000p\000t\000i\000o\000n}{section.4.10}% 97
\BOOKMARK [2][-]{subsection.4.10.2}{\376\377\0004\000.\0001\0000\000.\0002\000\040\000C\000o\000n\000s\000t\000r\000u\000c\000t\000o\000r\000\040\000\046\000\040\000D\000e\000s\000t\000r\000u\000c\000t\000o\000r\000\040\000D\000o\000c\000u\000m\000e\000n\000t\000a\000t\000i\000o\000n}{section.4.10}% 98
\BOOKMARK [3][-]{subsubsection.4.10.2.1}{\376\377\0004\000.\0001\0000\000.\0002\000.\0001\000\040\000Q\000u\000e\000u\000e\000\050\000\051}{subsection.4.10.2}% 99
\BOOKMARK [3][-]{subsubsection.4.10.2.2}{\376\377\0004\000.\0001\0000\000.\0002\000.\0002\000\040\000~\000Q\000u\000e\000u\000e\000\050\000\051}{subsection.4.10.2}% 100
\BOOKMARK [2][-]{subsection.4.10.3}{\376\377\0004\000.\0001\0000\000.\0003\000\040\000M\000e\000m\000b\000e\000r\000\040\000F\000u\000n\000c\000t\000i\000o\000n\000\040\000D\000o\000c\000u\000m\000e\000n\000t\000a\000t\000i\000o\000n}{section.4.10}% 101
\BOOKMARK [3][-]{subsubsection.4.10.3.1}{\376\377\0004\000.\0001\0000\000.\0003\000.\0001\000\040\000b\000a\000c\000k\000\050\000\051}{subsection.4.10.3}% 102
\BOOKMARK [3][-]{subsubsection.4.10.3.2}{\376\377\0004\000.\0001\0000\000.\0003\000.\0002\000\040\000d\000e\000q\000u\000e\000u\000e\000\050\000\051}{subsection.4.10.3}% 103
\BOOKMARK [3][-]{subsubsection.4.10.3.3}{\376\377\0004\000.\0001\0000\000.\0003\000.\0003\000\040\000e\000n\000q\000u\000e\000u\000e\000\050\000\051}{subsection.4.10.3}% 104
\BOOKMARK [3][-]{subsubsection.4.10.3.4}{\376\377\0004\000.\0001\0000\000.\0003\000.\0004\000\040\000f\000r\000o\000n\000t\000\050\000\051}{subsection.4.10.3}% 105
\BOOKMARK [3][-]{subsubsection.4.10.3.5}{\376\377\0004\000.\0001\0000\000.\0003\000.\0005\000\040\000g\000e\000t\000S\000i\000z\000e\000\050\000\051}{subsection.4.10.3}% 106
\BOOKMARK [3][-]{subsubsection.4.10.3.6}{\376\377\0004\000.\0001\0000\000.\0003\000.\0006\000\040\000i\000s\000E\000m\000p\000t\000y\000\050\000\051}{subsection.4.10.3}% 107
\BOOKMARK [3][-]{subsubsection.4.10.3.7}{\376\377\0004\000.\0001\0000\000.\0003\000.\0007\000\040\000p\000r\000i\000n\000t\000\050\000\051}{subsection.4.10.3}% 108
\BOOKMARK [1][-]{section.4.11}{\376\377\0004\000.\0001\0001\000\040\000S\000t\000a\000c\000k\000<\000\040\000T\000\040\000>\000\040\000C\000l\000a\000s\000s\000\040\000T\000e\000m\000p\000l\000a\000t\000e\000\040\000R\000e\000f\000e\000r\000e\000n\000c\000e}{chapter.4}% 109
\BOOKMARK [2][-]{subsection.4.11.1}{\376\377\0004\000.\0001\0001\000.\0001\000\040\000D\000e\000t\000a\000i\000l\000e\000d\000\040\000D\000e\000s\000c\000r\000i\000p\000t\000i\000o\000n}{section.4.11}% 110
\BOOKMARK [2][-]{subsection.4.11.2}{\376\377\0004\000.\0001\0001\000.\0002\000\040\000C\000o\000n\000s\000t\000r\000u\000c\000t\000o\000r\000\040\000\046\000\040\000D\000e\000s\000t\000r\000u\000c\000t\000o\000r\000\040\000D\000o\000c\000u\000m\000e\000n\000t\000a\000t\000i\000o\000n}{section.4.11}% 111
\BOOKMARK [3][-]{subsubsection.4.11.2.1}{\376\377\0004\000.\0001\0001\000.\0002\000.\0001\000\040\000S\000t\000a\000c\000k\000\050\000\051}{subsection.4.11.2}% 112
\BOOKMARK [3][-]{subsubsection.4.11.2.2}{\376\377\0004\000.\0001\0001\000.\0002\000.\0002\000\040\000~\000S\000t\000a\000c\000k\000\050\000\051}{subsection.4.11.2}% 113
\BOOKMARK [2][-]{subsection.4.11.3}{\376\377\0004\000.\0001\0001\000.\0003\000\040\000M\000e\000m\000b\000e\000r\000\040\000F\000u\000n\000c\000t\000i\000o\000n\000\040\000D\000o\000c\000u\000m\000e\000n\000t\000a\000t\000i\000o\000n}{section.4.11}% 114
\BOOKMARK [3][-]{subsubsection.4.11.3.1}{\376\377\0004\000.\0001\0001\000.\0003\000.\0001\000\040\000g\000e\000t\000S\000i\000z\000e\000\050\000\051}{subsection.4.11.3}% 115
\BOOKMARK [3][-]{subsubsection.4.11.3.2}{\376\377\0004\000.\0001\0001\000.\0003\000.\0002\000\040\000p\000o\000p\000\050\000\051}{subsection.4.11.3}% 116
\BOOKMARK [3][-]{subsubsection.4.11.3.3}{\376\377\0004\000.\0001\0001\000.\0003\000.\0003\000\040\000p\000r\000i\000n\000t\000\050\000\051}{subsection.4.11.3}% 117
\BOOKMARK [3][-]{subsubsection.4.11.3.4}{\376\377\0004\000.\0001\0001\000.\0003\000.\0004\000\040\000p\000u\000s\000h\000\050\000\051}{subsection.4.11.3}% 118
\BOOKMARK [0][-]{chapter.5}{\376\377\0005\000\040\000F\000i\000l\000e\000\040\000D\000o\000c\000u\000m\000e\000n\000t\000a\000t\000i\000o\000n}{}% 119
\BOOKMARK [1][-]{section.5.1}{\376\377\0005\000.\0001\000\040\000A\000D\000T\000/\000c\000l\000i\000e\000n\000t\000.\000c\000p\000p\000\040\000F\000i\000l\000e\000\040\000R\000e\000f\000e\000r\000e\000n\000c\000e}{chapter.5}% 120
\BOOKMARK [2][-]{subsection.5.1.1}{\376\377\0005\000.\0001\000.\0001\000\040\000M\000a\000c\000r\000o\000\040\000D\000e\000f\000i\000n\000i\000t\000i\000o\000n\000\040\000D\000o\000c\000u\000m\000e\000n\000t\000a\000t\000i\000o\000n}{section.5.1}% 121
\BOOKMARK [3][-]{subsubsection.5.1.1.1}{\376\377\0005\000.\0001\000.\0001\000.\0001\000\040\000C\000L\000I\000E\000N\000T\000\137\000C\000P\000P}{subsection.5.1.1}% 122
\BOOKMARK [1][-]{section.5.2}{\376\377\0005\000.\0002\000\040\000c\000l\000i\000e\000n\000t\000.\000c\000p\000p}{chapter.5}% 123
\BOOKMARK [1][-]{section.5.3}{\376\377\0005\000.\0003\000\040\000A\000D\000T\000/\000c\000l\000i\000e\000n\000t\000.\000h\000\040\000F\000i\000l\000e\000\040\000R\000e\000f\000e\000r\000e\000n\000c\000e}{chapter.5}% 124
\BOOKMARK [1][-]{section.5.4}{\376\377\0005\000.\0004\000\040\000c\000l\000i\000e\000n\000t\000.\000h}{chapter.5}% 125
\BOOKMARK [1][-]{section.5.5}{\376\377\0005\000.\0005\000\040\000A\000D\000T\000/\000c\000l\000i\000e\000n\000t\000R\000e\000n\000t\000.\000c\000p\000p\000\040\000F\000i\000l\000e\000\040\000R\000e\000f\000e\000r\000e\000n\000c\000e}{chapter.5}% 126
\BOOKMARK [2][-]{subsection.5.5.1}{\376\377\0005\000.\0005\000.\0001\000\040\000M\000a\000c\000r\000o\000\040\000D\000e\000f\000i\000n\000i\000t\000i\000o\000n\000\040\000D\000o\000c\000u\000m\000e\000n\000t\000a\000t\000i\000o\000n}{section.5.5}% 127
\BOOKMARK [3][-]{subsubsection.5.5.1.1}{\376\377\0005\000.\0005\000.\0001\000.\0001\000\040\000O\000F\000F\000I\000C\000E\000R\000E\000N\000T\000A\000L\000\137\000C\000P\000P}{subsection.5.5.1}% 128
\BOOKMARK [1][-]{section.5.6}{\376\377\0005\000.\0006\000\040\000c\000l\000i\000e\000n\000t\000R\000e\000n\000t\000.\000c\000p\000p}{chapter.5}% 129
\BOOKMARK [1][-]{section.5.7}{\376\377\0005\000.\0007\000\040\000A\000D\000T\000/\000c\000l\000i\000e\000n\000t\000R\000e\000n\000t\000.\000h\000\040\000F\000i\000l\000e\000\040\000R\000e\000f\000e\000r\000e\000n\000c\000e}{chapter.5}% 130
\BOOKMARK [1][-]{section.5.8}{\376\377\0005\000.\0008\000\040\000c\000l\000i\000e\000n\000t\000R\000e\000n\000t\000.\000h}{chapter.5}% 131
\BOOKMARK [1][-]{section.5.9}{\376\377\0005\000.\0009\000\040\000A\000D\000T\000/\000o\000f\000f\000i\000c\000e\000.\000c\000p\000p\000\040\000F\000i\000l\000e\000\040\000R\000e\000f\000e\000r\000e\000n\000c\000e}{chapter.5}% 132
\BOOKMARK [2][-]{subsection.5.9.1}{\376\377\0005\000.\0009\000.\0001\000\040\000M\000a\000c\000r\000o\000\040\000D\000e\000f\000i\000n\000i\000t\000i\000o\000n\000\040\000D\000o\000c\000u\000m\000e\000n\000t\000a\000t\000i\000o\000n}{section.5.9}% 133
\BOOKMARK [3][-]{subsubsection.5.9.1.1}{\376\377\0005\000.\0009\000.\0001\000.\0001\000\040\000O\000F\000F\000I\000C\000E\000\137\000C\000P\000P}{subsection.5.9.1}% 134
\BOOKMARK [1][-]{section.5.10}{\376\377\0005\000.\0001\0000\000\040\000o\000f\000f\000i\000c\000e\000.\000c\000p\000p}{chapter.5}% 135
\BOOKMARK [1][-]{section.5.11}{\376\377\0005\000.\0001\0001\000\040\000A\000D\000T\000/\000o\000f\000f\000i\000c\000e\000.\000h\000\040\000F\000i\000l\000e\000\040\000R\000e\000f\000e\000r\000e\000n\000c\000e}{chapter.5}% 136
\BOOKMARK [1][-]{section.5.12}{\376\377\0005\000.\0001\0002\000\040\000o\000f\000f\000i\000c\000e\000.\000h}{chapter.5}% 137
\BOOKMARK [1][-]{section.5.13}{\376\377\0005\000.\0001\0003\000\040\000A\000D\000T\000/\000s\000t\000r\000u\000c\000t\000D\000a\000t\000a\000.\000h\000\040\000F\000i\000l\000e\000\040\000R\000e\000f\000e\000r\000e\000n\000c\000e}{chapter.5}% 138
\BOOKMARK [1][-]{section.5.14}{\376\377\0005\000.\0001\0004\000\040\000s\000t\000r\000u\000c\000t\000D\000a\000t\000a\000.\000h}{chapter.5}% 139
\BOOKMARK [1][-]{section.5.15}{\376\377\0005\000.\0001\0005\000\040\000i\000n\000c\000l\000u\000d\000e\000s\000/\000F\000i\000l\000e\000H\000a\000n\000d\000l\000i\000n\000g\000.\000c\000p\000p\000\040\000F\000i\000l\000e\000\040\000R\000e\000f\000e\000r\000e\000n\000c\000e}{chapter.5}% 140
\BOOKMARK [1][-]{section.5.16}{\376\377\0005\000.\0001\0006\000\040\000F\000i\000l\000e\000H\000a\000n\000d\000l\000i\000n\000g\000.\000c\000p\000p}{chapter.5}% 141
\BOOKMARK [1][-]{section.5.17}{\376\377\0005\000.\0001\0007\000\040\000i\000n\000c\000l\000u\000d\000e\000s\000/\000F\000i\000l\000e\000H\000a\000n\000d\000l\000i\000n\000g\000.\000h\000\040\000F\000i\000l\000e\000\040\000R\000e\000f\000e\000r\000e\000n\000c\000e}{chapter.5}% 142
\BOOKMARK [1][-]{section.5.18}{\376\377\0005\000.\0001\0008\000\040\000F\000i\000l\000e\000H\000a\000n\000d\000l\000i\000n\000g\000.\000h}{chapter.5}% 143
\BOOKMARK [1][-]{section.5.19}{\376\377\0005\000.\0001\0009\000\040\000i\000n\000c\000l\000u\000d\000e\000s\000/\000h\000a\000n\000d\000l\000e\000P\000r\000i\000n\000t\000.\000h\000\040\000F\000i\000l\000e\000\040\000R\000e\000f\000e\000r\000e\000n\000c\000e}{chapter.5}% 144
\BOOKMARK [2][-]{subsection.5.19.1}{\376\377\0005\000.\0001\0009\000.\0001\000\040\000F\000u\000n\000c\000t\000i\000o\000n\000\040\000D\000o\000c\000u\000m\000e\000n\000t\000a\000t\000i\000o\000n}{section.5.19}% 145
\BOOKMARK [3][-]{subsubsection.5.19.1.1}{\376\377\0005\000.\0001\0009\000.\0001\000.\0001\000\040\000p\000r\000i\000n\000t\000\050\000\051\000\040\000[\0001\000/\0002\000]}{subsection.5.19.1}% 146
\BOOKMARK [3][-]{subsubsection.5.19.1.2}{\376\377\0005\000.\0001\0009\000.\0001\000.\0002\000\040\000p\000r\000i\000n\000t\000\050\000\051\000\040\000[\0002\000/\0002\000]}{subsection.5.19.1}% 147
\BOOKMARK [1][-]{section.5.20}{\376\377\0005\000.\0002\0000\000\040\000h\000a\000n\000d\000l\000e\000P\000r\000i\000n\000t\000.\000h}{chapter.5}% 148
\BOOKMARK [1][-]{section.5.21}{\376\377\0005\000.\0002\0001\000\040\000i\000n\000c\000l\000u\000d\000e\000s\000/\000L\000i\000n\000k\000e\000d\000L\000i\000s\000t\000.\000h\000\040\000F\000i\000l\000e\000\040\000R\000e\000f\000e\000r\000e\000n\000c\000e}{chapter.5}% 149
\BOOKMARK [1][-]{section.5.22}{\376\377\0005\000.\0002\0002\000\040\000L\000i\000n\000k\000e\000d\000L\000i\000s\000t\000.\000h}{chapter.5}% 150
\BOOKMARK [1][-]{section.5.23}{\376\377\0005\000.\0002\0003\000\040\000i\000n\000c\000l\000u\000d\000e\000s\000/\000u\000t\000i\000l\000s\000.\000h\000\040\000F\000i\000l\000e\000\040\000R\000e\000f\000e\000r\000e\000n\000c\000e}{chapter.5}% 151
\BOOKMARK [2][-]{subsection.5.23.1}{\376\377\0005\000.\0002\0003\000.\0001\000\040\000F\000u\000n\000c\000t\000i\000o\000n\000\040\000D\000o\000c\000u\000m\000e\000n\000t\000a\000t\000i\000o\000n}{section.5.23}% 152
\BOOKMARK [3][-]{subsubsection.5.23.1.1}{\376\377\0005\000.\0002\0003\000.\0001\000.\0001\000\040\000d\000i\000s\000p\000l\000a\000y\000M\000e\000n\000u\000\050\000\051}{subsection.5.23.1}% 153
\BOOKMARK [3][-]{subsubsection.5.23.1.2}{\376\377\0005\000.\0002\0003\000.\0001\000.\0002\000\040\000g\000e\000t\000D\000o\000u\000b\000l\000e\000\050\000\051}{subsection.5.23.1}% 154
\BOOKMARK [3][-]{subsubsection.5.23.1.3}{\376\377\0005\000.\0002\0003\000.\0001\000.\0003\000\040\000s\000p\000l\000i\000t\000D\000a\000t\000a\000\050\000\051}{subsection.5.23.1}% 155
\BOOKMARK [1][-]{section.5.24}{\376\377\0005\000.\0002\0004\000\040\000u\000t\000i\000l\000s\000.\000h}{chapter.5}% 156
\BOOKMARK [1][-]{section.5.25}{\376\377\0005\000.\0002\0005\000\040\000m\000a\000i\000n\000.\000c\000p\000p\000\040\000F\000i\000l\000e\000\040\000R\000e\000f\000e\000r\000e\000n\000c\000e}{chapter.5}% 157
\BOOKMARK [2][-]{subsection.5.25.1}{\376\377\0005\000.\0002\0005\000.\0001\000\040\000D\000e\000t\000a\000i\000l\000e\000d\000\040\000D\000e\000s\000c\000r\000i\000p\000t\000i\000o\000n}{section.5.25}% 158
\BOOKMARK [2][-]{subsection.5.25.2}{\376\377\0005\000.\0002\0005\000.\0002\000\040\000F\000u\000n\000c\000t\000i\000o\000n\000\040\000D\000o\000c\000u\000m\000e\000n\000t\000a\000t\000i\000o\000n}{section.5.25}% 159
\BOOKMARK [3][-]{subsubsection.5.25.2.1}{\376\377\0005\000.\0002\0005\000.\0002\000.\0001\000\040\000m\000a\000i\000n\000\050\000\051}{subsection.5.25.2}% 160
\BOOKMARK [1][-]{section.5.26}{\376\377\0005\000.\0002\0006\000\040\000m\000a\000i\000n\000.\000c\000p\000p}{chapter.5}% 161
\BOOKMARK [1][-]{section.5.27}{\376\377\0005\000.\0002\0007\000\040\000T\000E\000M\000P\000/\000Q\000u\000e\000u\000e\000.\000h\000\040\000F\000i\000l\000e\000\040\000R\000e\000f\000e\000r\000e\000n\000c\000e}{chapter.5}% 162
\BOOKMARK [1][-]{section.5.28}{\376\377\0005\000.\0002\0008\000\040\000Q\000u\000e\000u\000e\000.\000h}{chapter.5}% 163
\BOOKMARK [1][-]{section.5.29}{\376\377\0005\000.\0002\0009\000\040\000T\000E\000M\000P\000/\000S\000t\000a\000c\000k\000.\000h\000\040\000F\000i\000l\000e\000\040\000R\000e\000f\000e\000r\000e\000n\000c\000e}{chapter.5}% 164
\BOOKMARK [1][-]{section.5.30}{\376\377\0005\000.\0003\0000\000\040\000S\000t\000a\000c\000k\000.\000h}{chapter.5}% 165
\BOOKMARK [0][-]{section*.42}{\376\377\000I\000n\000d\000e\000x}{}% 166
